{"contracts/LingoNFT.sol":{"l":{"54":0,"58":0,"63":0,"66":0,"69":0,"72":0,"76":0,"92":0,"93":0,"99":0,"100":0,"106":0,"107":0,"113":0,"114":0,"120":0,"121":0,"128":0,"129":0,"135":0,"143":0,"151":0,"152":0,"154":0,"155":0,"157":0,"158":0,"160":0,"175":0,"179":0,"183":0,"184":0,"187":0,"190":0,"195":0,"197":0,"212":0,"216":0,"217":0,"221":0,"222":0,"225":0,"228":0,"233":0,"234":0,"242":0,"243":0,"244":0,"245":0,"261":0,"262":0,"263":0,"264":0,"271":0,"272":0,"278":0,"284":0,"290":0,"300":0,"302":0,"317":0,"318":0,"319":0,"320":0,"321":0,"322":0,"323":0,"324":0,"331":0,"342":0,"348":0,"349":0,"351":0,"352":0},"path":"/Users/adrien/Coding/NFT_Audit_Remediation/contracts/LingoNFT.sol","s":{"1":0,"2":0,"3":0,"4":0,"5":0,"6":0,"7":0,"8":0,"9":0,"10":0,"11":0,"12":0,"13":0,"14":0,"15":0,"16":0,"17":0,"18":0,"19":0,"20":0,"21":0,"22":0,"23":0,"24":0,"25":0,"26":0,"27":0,"28":0,"29":0,"30":0,"31":0,"32":0,"33":0,"34":0,"35":0,"36":0,"37":0,"38":0,"39":0,"40":0,"41":0,"42":0,"43":0,"44":0,"45":0,"46":0,"47":0,"48":0,"49":0,"50":0,"51":0,"52":0,"53":0,"54":0,"55":0,"56":0},"b":{"1":[0,0],"2":[0,0],"3":[0,0],"4":[0,0],"5":[0,0],"6":[0,0],"7":[0,0],"8":[0,0],"9":[0,0],"10":[0,0],"11":[0,0],"12":[0,0],"13":[0,0],"14":[0,0],"15":[0,0],"16":[0,0],"17":[0,0],"18":[0,0],"19":[0,0],"20":[0,0],"21":[0,0],"22":[0,0],"23":[0,0],"24":[0,0],"25":[0,0],"26":[0,0],"27":[0,0],"28":[0,0],"29":[0,0],"30":[0,0],"31":[0,0],"32":[0,0],"33":[0,0],"34":[0,0],"35":[0,0],"36":[0,0],"37":[0,0],"38":[0,0],"39":[0,0],"40":[0,0],"41":[0,0],"42":[0,0],"43":[0,0]},"f":{"1":0,"2":0,"3":0,"4":0,"5":0,"6":0,"7":0,"8":0,"9":0,"10":0,"11":0,"12":0,"13":0,"14":0,"15":0,"16":0,"17":0,"18":0,"19":0,"20":0,"21":0,"22":0,"23":0,"24":0},"fnMap":{"1":{"name":"isActive","line":53,"loc":{"start":{"line":53,"column":4},"end":{"line":59,"column":4}}},"2":{"name":"constructor","line":62,"loc":{"start":{"line":62,"column":4},"end":{"line":87,"column":4}}},"3":{"name":"setFirstClassMintPrice","line":91,"loc":{"start":{"line":91,"column":4},"end":{"line":94,"column":4}}},"4":{"name":"setMaxFirstClassSupply","line":98,"loc":{"start":{"line":98,"column":4},"end":{"line":101,"column":4}}},"5":{"name":"setEconomySigner","line":105,"loc":{"start":{"line":105,"column":4},"end":{"line":108,"column":4}}},"6":{"name":"setBusinessSigner","line":112,"loc":{"start":{"line":112,"column":4},"end":{"line":115,"column":4}}},"7":{"name":"setFirstSigner","line":119,"loc":{"start":{"line":119,"column":4},"end":{"line":122,"column":4}}},"8":{"name":"setTierURI","line":127,"loc":{"start":{"line":127,"column":4},"end":{"line":130,"column":4}}},"9":{"name":"setSaleStartTime","line":134,"loc":{"start":{"line":134,"column":4},"end":{"line":136,"column":4}}},"10":{"name":"getTierURI","line":142,"loc":{"start":{"line":142,"column":4},"end":{"line":144,"column":4}}},"11":{"name":"getSignerByTier","line":150,"loc":{"start":{"line":150,"column":4},"end":{"line":161,"column":4}}},"12":{"name":"mintEconomyBusinessClassNFT","line":174,"loc":{"start":{"line":169,"column":4},"end":{"line":198,"column":4}}},"13":{"name":"mintFirstClassNFT","line":211,"loc":{"start":{"line":206,"column":4},"end":{"line":235,"column":4}}},"14":{"name":"mintPrivateJetNFT","line":241,"loc":{"start":{"line":239,"column":4},"end":{"line":252,"column":4}}},"15":{"name":"airdropNFT","line":260,"loc":{"start":{"line":257,"column":4},"end":{"line":266,"column":4}}},"16":{"name":"getNextTokenId","line":270,"loc":{"start":{"line":270,"column":4},"end":{"line":273,"column":4}}},"17":{"name":"getFirstClassSupply","line":277,"loc":{"start":{"line":277,"column":4},"end":{"line":279,"column":4}}},"18":{"name":"getSaleStartTime","line":283,"loc":{"start":{"line":283,"column":4},"end":{"line":285,"column":4}}},"19":{"name":"getTotalSupply","line":289,"loc":{"start":{"line":289,"column":4},"end":{"line":291,"column":4}}},"20":{"name":"tokenURI","line":297,"loc":{"start":{"line":297,"column":4},"end":{"line":303,"column":4}}},"21":{"name":"_mint","line":311,"loc":{"start":{"line":311,"column":4},"end":{"line":326,"column":4}}},"22":{"name":"getCurrentTimestamp","line":330,"loc":{"start":{"line":330,"column":4},"end":{"line":332,"column":4}}},"23":{"name":"hasMinted","line":338,"loc":{"start":{"line":338,"column":4},"end":{"line":343,"column":4}}},"24":{"name":"withdraw","line":347,"loc":{"start":{"line":347,"column":4},"end":{"line":353,"column":4}}}},"statementMap":{"1":{"start":{"line":54,"column":8},"end":{"line":54,"column":1900}},"2":{"start":{"line":92,"column":8},"end":{"line":92,"column":61}},"3":{"start":{"line":99,"column":8},"end":{"line":99,"column":70}},"4":{"start":{"line":106,"column":8},"end":{"line":106,"column":77}},"5":{"start":{"line":113,"column":8},"end":{"line":113,"column":78}},"6":{"start":{"line":120,"column":8},"end":{"line":120,"column":75}},"7":{"start":{"line":128,"column":8},"end":{"line":128,"column":60}},"8":{"start":{"line":143,"column":8},"end":{"line":143,"column":30}},"9":{"start":{"line":151,"column":8},"end":{"line":151,"column":5850}},"10":{"start":{"line":152,"column":12},"end":{"line":152,"column":32}},"11":{"start":{"line":154,"column":8},"end":{"line":154,"column":5936}},"12":{"start":{"line":155,"column":12},"end":{"line":155,"column":33}},"13":{"start":{"line":157,"column":8},"end":{"line":157,"column":6024}},"14":{"start":{"line":158,"column":12},"end":{"line":158,"column":30}},"15":{"start":{"line":160,"column":8},"end":{"line":160,"column":25}},"16":{"start":{"line":175,"column":8},"end":{"line":175,"column":6694}},"17":{"start":{"line":179,"column":8},"end":{"line":179,"column":6822}},"18":{"start":{"line":183,"column":8},"end":{"line":183,"column":69}},"19":{"start":{"line":184,"column":8},"end":{"line":184,"column":7013}},"20":{"start":{"line":187,"column":8},"end":{"line":187,"column":7129}},"21":{"start":{"line":190,"column":8},"end":{"line":190,"column":7266}},"22":{"start":{"line":195,"column":8},"end":{"line":195,"column":42}},"23":{"start":{"line":197,"column":8},"end":{"line":197,"column":56}},"24":{"start":{"line":212,"column":8},"end":{"line":212,"column":8062}},"25":{"start":{"line":216,"column":8},"end":{"line":216,"column":77}},"26":{"start":{"line":217,"column":8},"end":{"line":217,"column":8265}},"27":{"start":{"line":221,"column":8},"end":{"line":221,"column":69}},"28":{"start":{"line":222,"column":8},"end":{"line":222,"column":8464}},"29":{"start":{"line":225,"column":8},"end":{"line":225,"column":8580}},"30":{"start":{"line":228,"column":8},"end":{"line":228,"column":8717}},"31":{"start":{"line":233,"column":8},"end":{"line":233,"column":42}},"32":{"start":{"line":234,"column":8},"end":{"line":234,"column":56}},"33":{"start":{"line":242,"column":8},"end":{"line":242,"column":23}},"34":{"start":{"line":243,"column":8},"end":{"line":243,"column":9276}},"35":{"start":{"line":245,"column":12},"end":{"line":245,"column":9382}},"36":{"start":{"line":261,"column":8},"end":{"line":261,"column":58}},"37":{"start":{"line":262,"column":8},"end":{"line":262,"column":9922}},"38":{"start":{"line":263,"column":12},"end":{"line":263,"column":46}},"39":{"start":{"line":264,"column":12},"end":{"line":264,"column":63}},"40":{"start":{"line":271,"column":8},"end":{"line":271,"column":41}},"41":{"start":{"line":272,"column":8},"end":{"line":272,"column":22}},"42":{"start":{"line":278,"column":8},"end":{"line":278,"column":38}},"43":{"start":{"line":284,"column":8},"end":{"line":284,"column":28}},"44":{"start":{"line":290,"column":8},"end":{"line":290,"column":30}},"45":{"start":{"line":300,"column":8},"end":{"line":300,"column":56}},"46":{"start":{"line":302,"column":8},"end":{"line":302,"column":34}},"47":{"start":{"line":317,"column":8},"end":{"line":317,"column":60}},"48":{"start":{"line":318,"column":8},"end":{"line":318,"column":67}},"49":{"start":{"line":322,"column":8},"end":{"line":322,"column":29}},"50":{"start":{"line":323,"column":8},"end":{"line":323,"column":12394}},"51":{"start":{"line":331,"column":8},"end":{"line":331,"column":30}},"52":{"start":{"line":342,"column":8},"end":{"line":342,"column":40}},"53":{"start":{"line":348,"column":8},"end":{"line":348,"column":47}},"54":{"start":{"line":349,"column":8},"end":{"line":349,"column":56}},"55":{"start":{"line":351,"column":8},"end":{"line":351,"column":56}},"56":{"start":{"line":352,"column":8},"end":{"line":352,"column":40}}},"branchMap":{"1":{"line":54,"type":"if","locations":[{"start":{"line":54,"column":8},"end":{"line":54,"column":8}},{"start":{"line":54,"column":8},"end":{"line":54,"column":8}}]},"2":{"line":91,"type":"if","locations":[{"start":{"line":91,"column":61},"end":{"line":91,"column":61}},{"start":{"line":91,"column":61},"end":{"line":91,"column":61}}]},"3":{"line":92,"type":"if","locations":[{"start":{"line":92,"column":8},"end":{"line":92,"column":8}},{"start":{"line":92,"column":8},"end":{"line":92,"column":8}}]},"4":{"line":98,"type":"if","locations":[{"start":{"line":98,"column":65},"end":{"line":98,"column":65}},{"start":{"line":98,"column":65},"end":{"line":98,"column":65}}]},"5":{"line":99,"type":"if","locations":[{"start":{"line":99,"column":8},"end":{"line":99,"column":8}},{"start":{"line":99,"column":8},"end":{"line":99,"column":8}}]},"6":{"line":105,"type":"if","locations":[{"start":{"line":105,"column":63},"end":{"line":105,"column":63}},{"start":{"line":105,"column":63},"end":{"line":105,"column":63}}]},"7":{"line":106,"type":"if","locations":[{"start":{"line":106,"column":8},"end":{"line":106,"column":8}},{"start":{"line":106,"column":8},"end":{"line":106,"column":8}}]},"8":{"line":112,"type":"if","locations":[{"start":{"line":112,"column":65},"end":{"line":112,"column":65}},{"start":{"line":112,"column":65},"end":{"line":112,"column":65}}]},"9":{"line":113,"type":"if","locations":[{"start":{"line":113,"column":8},"end":{"line":113,"column":8}},{"start":{"line":113,"column":8},"end":{"line":113,"column":8}}]},"10":{"line":119,"type":"if","locations":[{"start":{"line":119,"column":59},"end":{"line":119,"column":59}},{"start":{"line":119,"column":59},"end":{"line":119,"column":59}}]},"11":{"line":120,"type":"if","locations":[{"start":{"line":120,"column":8},"end":{"line":120,"column":8}},{"start":{"line":120,"column":8},"end":{"line":120,"column":8}}]},"12":{"line":127,"type":"if","locations":[{"start":{"line":127,"column":65},"end":{"line":127,"column":65}},{"start":{"line":127,"column":65},"end":{"line":127,"column":65}}]},"13":{"line":128,"type":"if","locations":[{"start":{"line":128,"column":8},"end":{"line":128,"column":8}},{"start":{"line":128,"column":8},"end":{"line":128,"column":8}}]},"14":{"line":134,"type":"if","locations":[{"start":{"line":134,"column":59},"end":{"line":134,"column":59}},{"start":{"line":134,"column":59},"end":{"line":134,"column":59}}]},"15":{"line":151,"type":"if","locations":[{"start":{"line":151,"column":8},"end":{"line":151,"column":8}},{"start":{"line":151,"column":8},"end":{"line":151,"column":8}}]},"16":{"line":154,"type":"if","locations":[{"start":{"line":154,"column":8},"end":{"line":154,"column":8}},{"start":{"line":154,"column":8},"end":{"line":154,"column":8}}]},"17":{"line":157,"type":"if","locations":[{"start":{"line":157,"column":8},"end":{"line":157,"column":8}},{"start":{"line":157,"column":8},"end":{"line":157,"column":8}}]},"18":{"line":174,"type":"if","locations":[{"start":{"line":174,"column":15},"end":{"line":174,"column":15}},{"start":{"line":174,"column":15},"end":{"line":174,"column":15}}]},"19":{"line":174,"type":"if","locations":[{"start":{"line":174,"column":28},"end":{"line":174,"column":28}},{"start":{"line":174,"column":28},"end":{"line":174,"column":28}}]},"20":{"line":175,"type":"if","locations":[{"start":{"line":175,"column":8},"end":{"line":175,"column":8}},{"start":{"line":175,"column":8},"end":{"line":175,"column":8}}]},"21":{"line":176,"type":"cond-expr","locations":[{"start":{"line":176,"column":12},"end":{"line":176,"column":37}},{"start":{"line":176,"column":42},"end":{"line":176,"column":68}}]},"22":{"line":179,"type":"if","locations":[{"start":{"line":179,"column":8},"end":{"line":179,"column":8}},{"start":{"line":179,"column":8},"end":{"line":179,"column":8}}]},"23":{"line":183,"type":"if","locations":[{"start":{"line":183,"column":8},"end":{"line":183,"column":8}},{"start":{"line":183,"column":8},"end":{"line":183,"column":8}}]},"24":{"line":190,"type":"if","locations":[{"start":{"line":190,"column":8},"end":{"line":190,"column":8}},{"start":{"line":190,"column":8},"end":{"line":190,"column":8}}]},"25":{"line":211,"type":"if","locations":[{"start":{"line":211,"column":23},"end":{"line":211,"column":23}},{"start":{"line":211,"column":23},"end":{"line":211,"column":23}}]},"26":{"line":211,"type":"if","locations":[{"start":{"line":211,"column":36},"end":{"line":211,"column":36}},{"start":{"line":211,"column":36},"end":{"line":211,"column":36}}]},"27":{"line":212,"type":"if","locations":[{"start":{"line":212,"column":8},"end":{"line":212,"column":8}},{"start":{"line":212,"column":8},"end":{"line":212,"column":8}}]},"28":{"line":216,"type":"if","locations":[{"start":{"line":216,"column":8},"end":{"line":216,"column":8}},{"start":{"line":216,"column":8},"end":{"line":216,"column":8}}]},"29":{"line":217,"type":"if","locations":[{"start":{"line":217,"column":8},"end":{"line":217,"column":8}},{"start":{"line":217,"column":8},"end":{"line":217,"column":8}}]},"30":{"line":221,"type":"if","locations":[{"start":{"line":221,"column":8},"end":{"line":221,"column":8}},{"start":{"line":221,"column":8},"end":{"line":221,"column":8}}]},"31":{"line":228,"type":"if","locations":[{"start":{"line":228,"column":8},"end":{"line":228,"column":8}},{"start":{"line":228,"column":8},"end":{"line":228,"column":8}}]},"32":{"line":241,"type":"if","locations":[{"start":{"line":241,"column":15},"end":{"line":241,"column":15}},{"start":{"line":241,"column":15},"end":{"line":241,"column":15}}]},"33":{"line":241,"type":"if","locations":[{"start":{"line":241,"column":28},"end":{"line":241,"column":28}},{"start":{"line":241,"column":28},"end":{"line":241,"column":28}}]},"34":{"line":260,"type":"if","locations":[{"start":{"line":260,"column":15},"end":{"line":260,"column":15}},{"start":{"line":260,"column":15},"end":{"line":260,"column":15}}]},"35":{"line":260,"type":"if","locations":[{"start":{"line":260,"column":28},"end":{"line":260,"column":28}},{"start":{"line":260,"column":28},"end":{"line":260,"column":28}}]},"36":{"line":261,"type":"if","locations":[{"start":{"line":261,"column":8},"end":{"line":261,"column":8}},{"start":{"line":261,"column":8},"end":{"line":261,"column":8}}]},"37":{"line":300,"type":"if","locations":[{"start":{"line":300,"column":8},"end":{"line":300,"column":8}},{"start":{"line":300,"column":8},"end":{"line":300,"column":8}}]},"38":{"line":317,"type":"if","locations":[{"start":{"line":317,"column":8},"end":{"line":317,"column":8}},{"start":{"line":317,"column":8},"end":{"line":317,"column":8}}]},"39":{"line":318,"type":"if","locations":[{"start":{"line":318,"column":8},"end":{"line":318,"column":8}},{"start":{"line":318,"column":8},"end":{"line":318,"column":8}}]},"40":{"line":323,"type":"if","locations":[{"start":{"line":323,"column":8},"end":{"line":323,"column":8}},{"start":{"line":323,"column":8},"end":{"line":323,"column":8}}]},"41":{"line":347,"type":"if","locations":[{"start":{"line":347,"column":33},"end":{"line":347,"column":33}},{"start":{"line":347,"column":33},"end":{"line":347,"column":33}}]},"42":{"line":349,"type":"if","locations":[{"start":{"line":349,"column":8},"end":{"line":349,"column":8}},{"start":{"line":349,"column":8},"end":{"line":349,"column":8}}]},"43":{"line":352,"type":"if","locations":[{"start":{"line":352,"column":8},"end":{"line":352,"column":8}},{"start":{"line":352,"column":8},"end":{"line":352,"column":8}}]}}}}