{"contracts/LingoNFT.sol":{"l":{"38":0,"39":0,"43":18,"44":18,"45":18,"46":18,"50":1,"54":0,"58":1,"62":1,"66":1,"70":0,"74":0,"78":0,"79":0,"81":0,"82":0,"84":0,"85":0,"87":0,"91":0,"92":0,"93":0,"94":0,"95":0,"96":0,"98":0,"100":0,"104":0,"105":0,"106":0,"107":0,"108":0,"109":0,"110":0,"112":0,"113":0,"117":0,"118":0,"119":0,"120":0,"125":0,"126":0,"127":0,"128":0,"133":0,"134":0,"138":0,"142":1,"146":0,"150":0,"154":0,"156":0,"160":0,"161":0,"162":0,"163":0,"164":0,"165":0,"166":0,"167":0,"172":0,"176":0,"180":2,"181":2,"183":1,"184":1},"path":"/Users/adrien/Coding/Lingo-SocialFi-Contract/Lingo-SocialFi-NFT-Contract/contracts/LingoNFT.sol","s":{"1":0,"2":0,"3":0,"4":0,"5":0,"6":0,"7":0,"8":0,"9":0,"10":0,"11":0,"12":0,"13":0,"14":0,"15":0,"16":0,"17":0,"18":0,"19":0,"20":0,"21":0,"22":0,"23":0,"24":0,"25":0,"26":0,"27":0,"28":0,"29":0,"30":0,"31":0,"32":0,"33":0,"34":0,"35":0,"36":0,"37":0,"38":0,"39":0,"40":0,"41":0,"42":0,"43":0,"44":0,"45":0,"46":0,"47":2,"48":2,"49":1,"50":1},"b":{"1":[0,0],"2":[1,0],"3":[0,0],"4":[1,0],"5":[1,0],"6":[1,0],"7":[0,0],"8":[0,0],"9":[0,0],"10":[0,0],"11":[0,0],"12":[0,0],"13":[0,0],"14":[0,0],"15":[0,0],"16":[0,0],"17":[0,0],"18":[0,0],"19":[0,0],"20":[0,0],"21":[0,0],"22":[0,0],"23":[0,0],"24":[0,0],"25":[0,0],"26":[0,0],"27":[0,0],"28":[0,0],"29":[0,0],"30":[1,0],"31":[0,0],"32":[0,0],"33":[0,0],"34":[0,0],"35":[2,1],"36":[1,1],"37":[1,0]},"f":{"1":0,"2":18,"3":1,"4":0,"5":1,"6":1,"7":1,"8":0,"9":0,"10":0,"11":0,"12":0,"13":0,"14":0,"15":0,"16":0,"17":1,"18":0,"19":0,"20":0,"21":0,"22":0,"23":0,"24":2},"fnMap":{"1":{"name":"isActive","line":37,"loc":{"start":{"line":37,"column":3},"end":{"line":40,"column":4}}},"2":{"name":"constructor","line":42,"loc":{"start":{"line":42,"column":4},"end":{"line":47,"column":4}}},"3":{"name":"setFirstClassMintPrice","line":49,"loc":{"start":{"line":49,"column":4},"end":{"line":51,"column":4}}},"4":{"name":"setMaxFirstClassSupply","line":53,"loc":{"start":{"line":53,"column":4},"end":{"line":55,"column":4}}},"5":{"name":"setEconomySigner","line":57,"loc":{"start":{"line":57,"column":4},"end":{"line":59,"column":4}}},"6":{"name":"setBusinessSigner","line":61,"loc":{"start":{"line":61,"column":4},"end":{"line":63,"column":4}}},"7":{"name":"setFirstSigner","line":65,"loc":{"start":{"line":65,"column":4},"end":{"line":67,"column":4}}},"8":{"name":"setTierURI","line":69,"loc":{"start":{"line":69,"column":4},"end":{"line":71,"column":3}}},"9":{"name":"getTierURI","line":73,"loc":{"start":{"line":73,"column":3},"end":{"line":75,"column":4}}},"10":{"name":"getSignerByTier","line":77,"loc":{"start":{"line":77,"column":4},"end":{"line":88,"column":4}}},"11":{"name":"mintEconomyBusinessClassNFT","line":90,"loc":{"start":{"line":90,"column":4},"end":{"line":101,"column":4}}},"12":{"name":"mintFirstClassNFT","line":103,"loc":{"start":{"line":103,"column":3},"end":{"line":114,"column":4}}},"13":{"name":"mintPrivateJetNFT","line":116,"loc":{"start":{"line":116,"column":4},"end":{"line":122,"column":4}}},"14":{"name":"airdropNFT","line":124,"loc":{"start":{"line":124,"column":4},"end":{"line":130,"column":4}}},"15":{"name":"getNextTokenId","line":132,"loc":{"start":{"line":132,"column":4},"end":{"line":135,"column":4}}},"16":{"name":"getFirstClassSupply","line":137,"loc":{"start":{"line":137,"column":4},"end":{"line":139,"column":4}}},"17":{"name":"setSaleStartTime","line":141,"loc":{"start":{"line":141,"column":4},"end":{"line":143,"column":4}}},"18":{"name":"getSaleStartTime","line":145,"loc":{"start":{"line":145,"column":4},"end":{"line":147,"column":4}}},"19":{"name":"getTotalSupply","line":149,"loc":{"start":{"line":149,"column":4},"end":{"line":151,"column":4}}},"20":{"name":"tokenURI","line":153,"loc":{"start":{"line":153,"column":4},"end":{"line":157,"column":4}}},"21":{"name":"_mint","line":159,"loc":{"start":{"line":159,"column":4},"end":{"line":169,"column":4}}},"22":{"name":"getCurrentTimestamp","line":171,"loc":{"start":{"line":171,"column":4},"end":{"line":173,"column":4}}},"23":{"name":"hasMinted","line":175,"loc":{"start":{"line":175,"column":4},"end":{"line":177,"column":4}}},"24":{"name":"withdraw","line":179,"loc":{"start":{"line":179,"column":4},"end":{"line":185,"column":4}}}},"statementMap":{"1":{"start":{"line":38,"column":4},"end":{"line":38,"column":117}},"2":{"start":{"line":74,"column":4},"end":{"line":74,"column":26}},"3":{"start":{"line":78,"column":8},"end":{"line":78,"column":2989}},"4":{"start":{"line":79,"column":12},"end":{"line":79,"column":32}},"5":{"start":{"line":81,"column":8},"end":{"line":81,"column":3073}},"6":{"start":{"line":82,"column":12},"end":{"line":82,"column":33}},"7":{"start":{"line":84,"column":8},"end":{"line":84,"column":3159}},"8":{"start":{"line":85,"column":12},"end":{"line":85,"column":30}},"9":{"start":{"line":87,"column":8},"end":{"line":87,"column":25}},"10":{"start":{"line":91,"column":8},"end":{"line":91,"column":91}},"11":{"start":{"line":92,"column":8},"end":{"line":92,"column":82}},"12":{"start":{"line":93,"column":8},"end":{"line":93,"column":70}},"13":{"start":{"line":94,"column":8},"end":{"line":94,"column":75}},"14":{"start":{"line":95,"column":8},"end":{"line":95,"column":114}},"15":{"start":{"line":96,"column":8},"end":{"line":96,"column":104}},"16":{"start":{"line":98,"column":8},"end":{"line":98,"column":42}},"17":{"start":{"line":100,"column":8},"end":{"line":100,"column":56}},"18":{"start":{"line":104,"column":8},"end":{"line":104,"column":86}},"19":{"start":{"line":105,"column":8},"end":{"line":105,"column":77}},"20":{"start":{"line":106,"column":8},"end":{"line":106,"column":89}},"21":{"start":{"line":107,"column":8},"end":{"line":107,"column":70}},"22":{"start":{"line":108,"column":8},"end":{"line":108,"column":75}},"23":{"start":{"line":109,"column":8},"end":{"line":109,"column":114}},"24":{"start":{"line":110,"column":8},"end":{"line":110,"column":104}},"25":{"start":{"line":112,"column":8},"end":{"line":112,"column":42}},"26":{"start":{"line":113,"column":8},"end":{"line":113,"column":56}},"27":{"start":{"line":117,"column":8},"end":{"line":117,"column":23}},"28":{"start":{"line":118,"column":8},"end":{"line":118,"column":5291}},"29":{"start":{"line":120,"column":12},"end":{"line":120,"column":87}},"30":{"start":{"line":125,"column":8},"end":{"line":125,"column":58}},"31":{"start":{"line":126,"column":8},"end":{"line":126,"column":5733}},"32":{"start":{"line":127,"column":12},"end":{"line":127,"column":46}},"33":{"start":{"line":128,"column":12},"end":{"line":128,"column":63}},"34":{"start":{"line":133,"column":8},"end":{"line":133,"column":41}},"35":{"start":{"line":134,"column":8},"end":{"line":134,"column":22}},"36":{"start":{"line":138,"column":8},"end":{"line":138,"column":38}},"37":{"start":{"line":146,"column":8},"end":{"line":146,"column":28}},"38":{"start":{"line":150,"column":8},"end":{"line":150,"column":30}},"39":{"start":{"line":154,"column":8},"end":{"line":154,"column":56}},"40":{"start":{"line":156,"column":7},"end":{"line":156,"column":33}},"41":{"start":{"line":160,"column":8},"end":{"line":160,"column":60}},"42":{"start":{"line":161,"column":8},"end":{"line":161,"column":67}},"43":{"start":{"line":165,"column":8},"end":{"line":165,"column":25}},"44":{"start":{"line":166,"column":8},"end":{"line":166,"column":7490}},"45":{"start":{"line":172,"column":8},"end":{"line":172,"column":30}},"46":{"start":{"line":176,"column":8},"end":{"line":176,"column":40}},"47":{"start":{"line":180,"column":8},"end":{"line":180,"column":47}},"48":{"start":{"line":181,"column":8},"end":{"line":181,"column":56}},"49":{"start":{"line":183,"column":8},"end":{"line":183,"column":56}},"50":{"start":{"line":184,"column":8},"end":{"line":184,"column":40}}},"branchMap":{"1":{"line":38,"type":"if","locations":[{"start":{"line":38,"column":4},"end":{"line":38,"column":4}},{"start":{"line":38,"column":4},"end":{"line":38,"column":4}}]},"2":{"line":49,"type":"if","locations":[{"start":{"line":49,"column":61},"end":{"line":49,"column":61}},{"start":{"line":49,"column":61},"end":{"line":49,"column":61}}]},"3":{"line":53,"type":"if","locations":[{"start":{"line":53,"column":65},"end":{"line":53,"column":65}},{"start":{"line":53,"column":65},"end":{"line":53,"column":65}}]},"4":{"line":57,"type":"if","locations":[{"start":{"line":57,"column":63},"end":{"line":57,"column":63}},{"start":{"line":57,"column":63},"end":{"line":57,"column":63}}]},"5":{"line":61,"type":"if","locations":[{"start":{"line":61,"column":65},"end":{"line":61,"column":65}},{"start":{"line":61,"column":65},"end":{"line":61,"column":65}}]},"6":{"line":65,"type":"if","locations":[{"start":{"line":65,"column":59},"end":{"line":65,"column":59}},{"start":{"line":65,"column":59},"end":{"line":65,"column":59}}]},"7":{"line":69,"type":"if","locations":[{"start":{"line":69,"column":65},"end":{"line":69,"column":65}},{"start":{"line":69,"column":65},"end":{"line":69,"column":65}}]},"8":{"line":78,"type":"if","locations":[{"start":{"line":78,"column":8},"end":{"line":78,"column":8}},{"start":{"line":78,"column":8},"end":{"line":78,"column":8}}]},"9":{"line":81,"type":"if","locations":[{"start":{"line":81,"column":8},"end":{"line":81,"column":8}},{"start":{"line":81,"column":8},"end":{"line":81,"column":8}}]},"10":{"line":84,"type":"if","locations":[{"start":{"line":84,"column":8},"end":{"line":84,"column":8}},{"start":{"line":84,"column":8},"end":{"line":84,"column":8}}]},"11":{"line":90,"type":"if","locations":[{"start":{"line":90,"column":92},"end":{"line":90,"column":92}},{"start":{"line":90,"column":92},"end":{"line":90,"column":92}}]},"12":{"line":90,"type":"if","locations":[{"start":{"line":90,"column":105},"end":{"line":90,"column":105}},{"start":{"line":90,"column":105},"end":{"line":90,"column":105}}]},"13":{"line":91,"type":"if","locations":[{"start":{"line":91,"column":8},"end":{"line":91,"column":8}},{"start":{"line":91,"column":8},"end":{"line":91,"column":8}}]},"14":{"line":91,"type":"cond-expr","locations":[{"start":{"line":91,"column":16},"end":{"line":91,"column":41}},{"start":{"line":91,"column":46},"end":{"line":91,"column":72}}]},"15":{"line":92,"type":"if","locations":[{"start":{"line":92,"column":8},"end":{"line":92,"column":8}},{"start":{"line":92,"column":8},"end":{"line":92,"column":8}}]},"16":{"line":93,"type":"if","locations":[{"start":{"line":93,"column":8},"end":{"line":93,"column":8}},{"start":{"line":93,"column":8},"end":{"line":93,"column":8}}]},"17":{"line":96,"type":"if","locations":[{"start":{"line":96,"column":8},"end":{"line":96,"column":8}},{"start":{"line":96,"column":8},"end":{"line":96,"column":8}}]},"18":{"line":103,"type":"if","locations":[{"start":{"line":103,"column":89},"end":{"line":103,"column":89}},{"start":{"line":103,"column":89},"end":{"line":103,"column":89}}]},"19":{"line":103,"type":"if","locations":[{"start":{"line":103,"column":102},"end":{"line":103,"column":102}},{"start":{"line":103,"column":102},"end":{"line":103,"column":102}}]},"20":{"line":104,"type":"if","locations":[{"start":{"line":104,"column":8},"end":{"line":104,"column":8}},{"start":{"line":104,"column":8},"end":{"line":104,"column":8}}]},"21":{"line":105,"type":"if","locations":[{"start":{"line":105,"column":8},"end":{"line":105,"column":8}},{"start":{"line":105,"column":8},"end":{"line":105,"column":8}}]},"22":{"line":106,"type":"if","locations":[{"start":{"line":106,"column":8},"end":{"line":106,"column":8}},{"start":{"line":106,"column":8},"end":{"line":106,"column":8}}]},"23":{"line":107,"type":"if","locations":[{"start":{"line":107,"column":8},"end":{"line":107,"column":8}},{"start":{"line":107,"column":8},"end":{"line":107,"column":8}}]},"24":{"line":110,"type":"if","locations":[{"start":{"line":110,"column":8},"end":{"line":110,"column":8}},{"start":{"line":110,"column":8},"end":{"line":110,"column":8}}]},"25":{"line":116,"type":"if","locations":[{"start":{"line":116,"column":71},"end":{"line":116,"column":71}},{"start":{"line":116,"column":71},"end":{"line":116,"column":71}}]},"26":{"line":116,"type":"if","locations":[{"start":{"line":116,"column":84},"end":{"line":116,"column":84}},{"start":{"line":116,"column":84},"end":{"line":116,"column":84}}]},"27":{"line":124,"type":"if","locations":[{"start":{"line":124,"column":75},"end":{"line":124,"column":75}},{"start":{"line":124,"column":75},"end":{"line":124,"column":75}}]},"28":{"line":124,"type":"if","locations":[{"start":{"line":124,"column":88},"end":{"line":124,"column":88}},{"start":{"line":124,"column":88},"end":{"line":124,"column":88}}]},"29":{"line":125,"type":"if","locations":[{"start":{"line":125,"column":8},"end":{"line":125,"column":8}},{"start":{"line":125,"column":8},"end":{"line":125,"column":8}}]},"30":{"line":141,"type":"if","locations":[{"start":{"line":141,"column":59},"end":{"line":141,"column":59}},{"start":{"line":141,"column":59},"end":{"line":141,"column":59}}]},"31":{"line":154,"type":"if","locations":[{"start":{"line":154,"column":8},"end":{"line":154,"column":8}},{"start":{"line":154,"column":8},"end":{"line":154,"column":8}}]},"32":{"line":160,"type":"if","locations":[{"start":{"line":160,"column":8},"end":{"line":160,"column":8}},{"start":{"line":160,"column":8},"end":{"line":160,"column":8}}]},"33":{"line":161,"type":"if","locations":[{"start":{"line":161,"column":8},"end":{"line":161,"column":8}},{"start":{"line":161,"column":8},"end":{"line":161,"column":8}}]},"34":{"line":166,"type":"if","locations":[{"start":{"line":166,"column":8},"end":{"line":166,"column":8}},{"start":{"line":166,"column":8},"end":{"line":166,"column":8}}]},"35":{"line":179,"type":"if","locations":[{"start":{"line":179,"column":33},"end":{"line":179,"column":33}},{"start":{"line":179,"column":33},"end":{"line":179,"column":33}}]},"36":{"line":181,"type":"if","locations":[{"start":{"line":181,"column":8},"end":{"line":181,"column":8}},{"start":{"line":181,"column":8},"end":{"line":181,"column":8}}]},"37":{"line":184,"type":"if","locations":[{"start":{"line":184,"column":8},"end":{"line":184,"column":8}},{"start":{"line":184,"column":8},"end":{"line":184,"column":8}}]}}}}