{
"contracts/LingoNFT.sol":{"l":{"59":0,"63":0,"74":0,"75":0,"81":0,"82":0,"88":0,"89":0,"96":0,"97":0,"103":0,"111":0,"126":0,"130":0,"135":0,"137":0,"145":0,"150":0,"155":0,"157":0,"172":0,"176":0,"177":0,"181":0,"186":0,"188":0,"196":0,"201":0,"206":0,"207":0,"215":0,"216":0,"217":0,"218":0,"233":0,"234":0,"235":0,"236":0,"243":0,"244":0,"250":0,"256":0,"262":0,"272":0,"274":0,"275":0,"288":0,"289":0,"290":0,"291":0,"292":0,"293":0,"294":0,"295":0,"302":0,"313":0,"319":0,"320":0,"322":0,"323":0},"path":"/Users/adrien/Coding/NFT-SocialFI/Lingo-SocialFi-NFT-Contract/contracts/LingoNFT.sol","s":{"1":0,"2":0,"3":0,"4":0,"5":0,"6":0,"7":0,"8":0,"9":0,"10":0,"11":0,"12":0,"13":0,"14":0,"15":0,"16":0,"17":0,"18":0,"19":0,"20":0,"21":0,"22":0,"23":0,"24":0,"25":0,"26":0,"27":0,"28":0,"29":0,"30":0,"31":0,"32":0,"33":0,"34":0,"35":0,"36":0,"37":0,"38":0,"39":0,"40":0,"41":0,"42":0,"43":0,"44":0,"45":0,"46":0,"47":0,"48":0,"49":0},"b":{"1":[0,0],"2":[0,0],"3":[0,0],"4":[0,0],"5":[0,0],"6":[0,0],"7":[0,0],"8":[0,0],"9":[0,0],"10":[0,0],"11":[0,0],"12":[0,0],"13":[0,0],"14":[0,0],"15":[0,0],"16":[0,0],"17":[0,0],"18":[0,0],"19":[0,0],"20":[0,0],"21":[0,0],"22":[0,0],"23":[0,0],"24":[0,0],"25":[0,0],"26":[0,0],"27":[0,0],"28":[0,0],"29":[0,0],"30":[0,0],"31":[0,0],"32":[0,0],"33":[0,0],"34":[0,0],"35":[0,0]},"f":{"1":0,"2":0,"3":0,"4":0,"5":0,"6":0,"7":0,"8":0,"9":0,"10":0,"11":0,"12":0,"13":0,"14":0,"15":0,"16":0,"17":0,"18":0,"19":0,"20":0,"21":0},"fnMap":{"1":{"name":"isActive","line":58,"loc":{"start":{"line":58,"column":4},"end":{"line":64,"column":4}}},"2":{"name":"constructor","line":67,"loc":{"start":{"line":67,"column":4},"end":{"line":69,"column":4}}},"3":{"name":"setFirstClassMintPrice","line":73,"loc":{"start":{"line":73,"column":4},"end":{"line":76,"column":4}}},"4":{"name":"setMaxFirstClassSupply","line":80,"loc":{"start":{"line":80,"column":4},"end":{"line":83,"column":4}}},"5":{"name":"setMintSigner","line":87,"loc":{"start":{"line":87,"column":4},"end":{"line":90,"column":4}}},"6":{"name":"setTierURI","line":95,"loc":{"start":{"line":95,"column":4},"end":{"line":98,"column":4}}},"7":{"name":"setSaleStartTime","line":102,"loc":{"start":{"line":102,"column":4},"end":{"line":104,"column":4}}},"8":{"name":"getTierURI","line":110,"loc":{"start":{"line":110,"column":4},"end":{"line":112,"column":4}}},"9":{"name":"mintEconomyBusinessClassNFT","line":125,"loc":{"start":{"line":120,"column":4},"end":{"line":158,"column":4}}},"10":{"name":"mintFirstClassNFT","line":171,"loc":{"start":{"line":166,"column":4},"end":{"line":208,"column":4}}},"11":{"name":"mintPrivateJetNFT","line":214,"loc":{"start":{"line":212,"column":4},"end":{"line":224,"column":4}}},"12":{"name":"airdropNFT","line":232,"loc":{"start":{"line":229,"column":4},"end":{"line":238,"column":4}}},"13":{"name":"getNextTokenId","line":242,"loc":{"start":{"line":242,"column":4},"end":{"line":245,"column":4}}},"14":{"name":"getFirstClassSupply","line":249,"loc":{"start":{"line":249,"column":4},"end":{"line":251,"column":4}}},"15":{"name":"getSaleStartTime","line":255,"loc":{"start":{"line":255,"column":4},"end":{"line":257,"column":4}}},"16":{"name":"getTotalSupply","line":261,"loc":{"start":{"line":261,"column":4},"end":{"line":263,"column":4}}},"17":{"name":"tokenURI","line":269,"loc":{"start":{"line":269,"column":4},"end":{"line":276,"column":4}}},"18":{"name":"_mint","line":283,"loc":{"start":{"line":283,"column":4},"end":{"line":297,"column":4}}},"19":{"name":"getCurrentTimestamp","line":301,"loc":{"start":{"line":301,"column":4},"end":{"line":303,"column":4}}},"20":{"name":"hasMinted","line":309,"loc":{"start":{"line":309,"column":4},"end":{"line":314,"column":4}}},"21":{"name":"withdraw","line":318,"loc":{"start":{"line":318,"column":4},"end":{"line":324,"column":4}}}},"statementMap":{"1":{"start":{"line":59,"column":8},"end":{"line":59,"column":1985}},"2":{"start":{"line":74,"column":8},"end":{"line":74,"column":61}},"3":{"start":{"line":81,"column":8},"end":{"line":81,"column":70}},"4":{"start":{"line":88,"column":8},"end":{"line":88,"column":70}},"5":{"start":{"line":96,"column":8},"end":{"line":96,"column":60}},"6":{"start":{"line":111,"column":8},"end":{"line":111,"column":30}},"7":{"start":{"line":126,"column":8},"end":{"line":126,"column":4570}},"8":{"start":{"line":130,"column":8},"end":{"line":130,"column":4698}},"9":{"start":{"line":135,"column":8},"end":{"line":135,"column":73}},"10":{"start":{"line":137,"column":8},"end":{"line":137,"column":4894}},"11":{"start":{"line":145,"column":8},"end":{"line":145,"column":5105}},"12":{"start":{"line":150,"column":8},"end":{"line":150,"column":5226}},"13":{"start":{"line":155,"column":8},"end":{"line":155,"column":42}},"14":{"start":{"line":157,"column":8},"end":{"line":157,"column":39}},"15":{"start":{"line":172,"column":8},"end":{"line":172,"column":5990}},"16":{"start":{"line":176,"column":8},"end":{"line":176,"column":77}},"17":{"start":{"line":177,"column":8},"end":{"line":177,"column":6193}},"18":{"start":{"line":181,"column":8},"end":{"line":181,"column":6319}},"19":{"start":{"line":186,"column":8},"end":{"line":186,"column":73}},"20":{"start":{"line":188,"column":8},"end":{"line":188,"column":6521}},"21":{"start":{"line":196,"column":8},"end":{"line":196,"column":6732}},"22":{"start":{"line":201,"column":8},"end":{"line":201,"column":6853}},"23":{"start":{"line":206,"column":8},"end":{"line":206,"column":42}},"24":{"start":{"line":207,"column":8},"end":{"line":207,"column":39}},"25":{"start":{"line":215,"column":8},"end":{"line":215,"column":23}},"26":{"start":{"line":216,"column":8},"end":{"line":216,"column":7380}},"27":{"start":{"line":218,"column":12},"end":{"line":218,"column":7486}},"28":{"start":{"line":233,"column":8},"end":{"line":233,"column":58}},"29":{"start":{"line":234,"column":8},"end":{"line":234,"column":7981}},"30":{"start":{"line":235,"column":12},"end":{"line":235,"column":46}},"31":{"start":{"line":236,"column":12},"end":{"line":236,"column":46}},"32":{"start":{"line":243,"column":8},"end":{"line":243,"column":41}},"33":{"start":{"line":244,"column":8},"end":{"line":244,"column":22}},"34":{"start":{"line":250,"column":8},"end":{"line":250,"column":38}},"35":{"start":{"line":256,"column":8},"end":{"line":256,"column":28}},"36":{"start":{"line":262,"column":8},"end":{"line":262,"column":30}},"37":{"start":{"line":272,"column":8},"end":{"line":272,"column":56}},"38":{"start":{"line":274,"column":8},"end":{"line":274,"column":39}},"39":{"start":{"line":275,"column":8},"end":{"line":275,"column":30}},"40":{"start":{"line":288,"column":8},"end":{"line":288,"column":60}},"41":{"start":{"line":289,"column":8},"end":{"line":289,"column":67}},"42":{"start":{"line":293,"column":8},"end":{"line":293,"column":29}},"43":{"start":{"line":294,"column":8},"end":{"line":294,"column":10402}},"44":{"start":{"line":302,"column":8},"end":{"line":302,"column":30}},"45":{"start":{"line":313,"column":8},"end":{"line":313,"column":40}},"46":{"start":{"line":319,"column":8},"end":{"line":319,"column":47}},"47":{"start":{"line":320,"column":8},"end":{"line":320,"column":56}},"48":{"start":{"line":322,"column":8},"end":{"line":322,"column":56}},"49":{"start":{"line":323,"column":8},"end":{"line":323,"column":40}}},"branchMap":{"1":{"line":59,"type":"if","locations":[{"start":{"line":59,"column":8},"end":{"line":59,"column":8}},{"start":{"line":59,"column":8},"end":{"line":59,"column":8}}]},"2":{"line":73,"type":"if","locations":[{"start":{"line":73,"column":61},"end":{"line":73,"column":61}},{"start":{"line":73,"column":61},"end":{"line":73,"column":61}}]},"3":{"line":74,"type":"if","locations":[{"start":{"line":74,"column":8},"end":{"line":74,"column":8}},{"start":{"line":74,"column":8},"end":{"line":74,"column":8}}]},"4":{"line":80,"type":"if","locations":[{"start":{"line":80,"column":65},"end":{"line":80,"column":65}},{"start":{"line":80,"column":65},"end":{"line":80,"column":65}}]},"5":{"line":81,"type":"if","locations":[{"start":{"line":81,"column":8},"end":{"line":81,"column":8}},{"start":{"line":81,"column":8},"end":{"line":81,"column":8}}]},"6":{"line":87,"type":"if","locations":[{"start":{"line":87,"column":53},"end":{"line":87,"column":53}},{"start":{"line":87,"column":53},"end":{"line":87,"column":53}}]},"7":{"line":88,"type":"if","locations":[{"start":{"line":88,"column":8},"end":{"line":88,"column":8}},{"start":{"line":88,"column":8},"end":{"line":88,"column":8}}]},"8":{"line":95,"type":"if","locations":[{"start":{"line":95,"column":65},"end":{"line":95,"column":65}},{"start":{"line":95,"column":65},"end":{"line":95,"column":65}}]},"9":{"line":96,"type":"if","locations":[{"start":{"line":96,"column":8},"end":{"line":96,"column":8}},{"start":{"line":96,"column":8},"end":{"line":96,"column":8}}]},"10":{"line":102,"type":"if","locations":[{"start":{"line":102,"column":59},"end":{"line":102,"column":59}},{"start":{"line":102,"column":59},"end":{"line":102,"column":59}}]},"11":{"line":125,"type":"if","locations":[{"start":{"line":125,"column":15},"end":{"line":125,"column":15}},{"start":{"line":125,"column":15},"end":{"line":125,"column":15}}]},"12":{"line":125,"type":"if","locations":[{"start":{"line":125,"column":28},"end":{"line":125,"column":28}},{"start":{"line":125,"column":28},"end":{"line":125,"column":28}}]},"13":{"line":126,"type":"if","locations":[{"start":{"line":126,"column":8},"end":{"line":126,"column":8}},{"start":{"line":126,"column":8},"end":{"line":126,"column":8}}]},"14":{"line":127,"type":"cond-expr","locations":[{"start":{"line":127,"column":12},"end":{"line":127,"column":37}},{"start":{"line":127,"column":42},"end":{"line":127,"column":68}}]},"15":{"line":130,"type":"if","locations":[{"start":{"line":130,"column":8},"end":{"line":130,"column":8}},{"start":{"line":130,"column":8},"end":{"line":130,"column":8}}]},"16":{"line":150,"type":"if","locations":[{"start":{"line":150,"column":8},"end":{"line":150,"column":8}},{"start":{"line":150,"column":8},"end":{"line":150,"column":8}}]},"17":{"line":171,"type":"if","locations":[{"start":{"line":171,"column":23},"end":{"line":171,"column":23}},{"start":{"line":171,"column":23},"end":{"line":171,"column":23}}]},"18":{"line":171,"type":"if","locations":[{"start":{"line":171,"column":36},"end":{"line":171,"column":36}},{"start":{"line":171,"column":36},"end":{"line":171,"column":36}}]},"19":{"line":172,"type":"if","locations":[{"start":{"line":172,"column":8},"end":{"line":172,"column":8}},{"start":{"line":172,"column":8},"end":{"line":172,"column":8}}]},"20":{"line":176,"type":"if","locations":[{"start":{"line":176,"column":8},"end":{"line":176,"column":8}},{"start":{"line":176,"column":8},"end":{"line":176,"column":8}}]},"21":{"line":177,"type":"if","locations":[{"start":{"line":177,"column":8},"end":{"line":177,"column":8}},{"start":{"line":177,"column":8},"end":{"line":177,"column":8}}]},"22":{"line":181,"type":"if","locations":[{"start":{"line":181,"column":8},"end":{"line":181,"column":8}},{"start":{"line":181,"column":8},"end":{"line":181,"column":8}}]},"23":{"line":201,"type":"if","locations":[{"start":{"line":201,"column":8},"end":{"line":201,"column":8}},{"start":{"line":201,"column":8},"end":{"line":201,"column":8}}]},"24":{"line":214,"type":"if","locations":[{"start":{"line":214,"column":15},"end":{"line":214,"column":15}},{"start":{"line":214,"column":15},"end":{"line":214,"column":15}}]},"25":{"line":214,"type":"if","locations":[{"start":{"line":214,"column":28},"end":{"line":214,"column":28}},{"start":{"line":214,"column":28},"end":{"line":214,"column":28}}]},"26":{"line":232,"type":"if","locations":[{"start":{"line":232,"column":15},"end":{"line":232,"column":15}},{"start":{"line":232,"column":15},"end":{"line":232,"column":15}}]},"27":{"line":232,"type":"if","locations":[{"start":{"line":232,"column":28},"end":{"line":232,"column":28}},{"start":{"line":232,"column":28},"end":{"line":232,"column":28}}]},"28":{"line":233,"type":"if","locations":[{"start":{"line":233,"column":8},"end":{"line":233,"column":8}},{"start":{"line":233,"column":8},"end":{"line":233,"column":8}}]},"29":{"line":272,"type":"if","locations":[{"start":{"line":272,"column":8},"end":{"line":272,"column":8}},{"start":{"line":272,"column":8},"end":{"line":272,"column":8}}]},"30":{"line":288,"type":"if","locations":[{"start":{"line":288,"column":8},"end":{"line":288,"column":8}},{"start":{"line":288,"column":8},"end":{"line":288,"column":8}}]},"31":{"line":289,"type":"if","locations":[{"start":{"line":289,"column":8},"end":{"line":289,"column":8}},{"start":{"line":289,"column":8},"end":{"line":289,"column":8}}]},"32":{"line":294,"type":"if","locations":[{"start":{"line":294,"column":8},"end":{"line":294,"column":8}},{"start":{"line":294,"column":8},"end":{"line":294,"column":8}}]},"33":{"line":318,"type":"if","locations":[{"start":{"line":318,"column":33},"end":{"line":318,"column":33}},{"start":{"line":318,"column":33},"end":{"line":318,"column":33}}]},"34":{"line":320,"type":"if","locations":[{"start":{"line":320,"column":8},"end":{"line":320,"column":8}},{"start":{"line":320,"column":8},"end":{"line":320,"column":8}}]},"35":{"line":323,"type":"if","locations":[{"start":{"line":323,"column":8},"end":{"line":323,"column":8}},{"start":{"line":323,"column":8},"end":{"line":323,"column":8}}]}}}}
