{
"contracts/nft.sol":{"l":{"45":0,"46":0,"50":6,"51":6,"52":6,"53":6,"57":1,"61":0,"65":1,"69":1,"72":1,"75":0,"78":0,"81":0,"82":0,"84":0,"85":0,"87":0,"88":0,"90":0,"95":0,"96":0,"97":0,"99":0,"100":0,"102":0,"105":0,"107":0,"112":0,"113":0,"114":0,"115":0,"117":0,"118":0,"120":0,"122":0,"123":0,"127":0,"130":0,"131":0,"132":0,"137":0,"139":0,"140":0,"141":0,"146":0,"147":0,"150":0,"155":1,"160":0,"164":0,"167":0,"169":0,"173":0,"174":0,"176":0,"177":0,"178":0,"179":0,"180":0,"181":0,"186":0,"189":0,"193":0,"194":0,"197":0,"198":0},"path":"/Users/adrien/Coding/LingoNFTContract/contracts/nft.sol","s":{"1":0,"2":0,"3":0,"4":0,"5":0,"6":0,"7":0,"8":0,"9":0,"10":0,"11":0,"12":0,"13":0,"14":0,"15":0,"16":0,"17":0,"18":0,"19":0,"20":0,"21":0,"22":0,"23":0,"24":0,"25":0,"26":0,"27":0,"28":0,"29":0,"30":0,"31":0,"32":0,"33":0,"34":0,"35":0,"36":0,"37":0,"38":0,"39":0,"40":0,"41":0,"42":0,"43":0,"44":0,"45":0,"46":0,"47":0,"48":0,"49":0,"50":0},"b":{"1":[0,0],"2":[1,0],"3":[0,0],"4":[1,0],"5":[1,0],"6":[1,0],"7":[0,0],"8":[0,0],"9":[0,0],"10":[0,0],"11":[0,0],"12":[0,0],"13":[0,0],"14":[0,0],"15":[0,0],"16":[0,0],"17":[0,0],"18":[0,0],"19":[0,0],"20":[0,0],"21":[0,0],"22":[0,0],"23":[0,0],"24":[0,0],"25":[0,0],"26":[0,0],"27":[0,0],"28":[0,0],"29":[0,0],"30":[1,0],"31":[0,0],"32":[0,0],"33":[0,0],"34":[0,0],"35":[0,0],"36":[0,0],"37":[0,0]},"f":{"1":0,"2":6,"3":1,"4":0,"5":1,"6":1,"7":1,"8":0,"9":0,"10":0,"11":0,"12":0,"13":0,"14":0,"15":0,"16":0,"17":1,"18":0,"19":0,"20":0,"21":0,"22":0,"23":0,"24":0},"fnMap":{"1":{"name":"isActive","line":44,"loc":{"start":{"line":44,"column":3},"end":{"line":47,"column":4}}},"2":{"name":"constructor","line":49,"loc":{"start":{"line":49,"column":4},"end":{"line":54,"column":4}}},"3":{"name":"setFirstClassMintPrice","line":56,"loc":{"start":{"line":56,"column":4},"end":{"line":58,"column":4}}},"4":{"name":"setMaxFirstClassSupply","line":60,"loc":{"start":{"line":60,"column":4},"end":{"line":62,"column":4}}},"5":{"name":"setEconomySigner","line":64,"loc":{"start":{"line":64,"column":4},"end":{"line":66,"column":4}}},"6":{"name":"setBusinessSigner","line":68,"loc":{"start":{"line":68,"column":4},"end":{"line":70,"column":4}}},"7":{"name":"setFirstSigner","line":71,"loc":{"start":{"line":71,"column":4},"end":{"line":73,"column":4}}},"8":{"name":"setTierURI","line":74,"loc":{"start":{"line":74,"column":4},"end":{"line":76,"column":3}}},"9":{"name":"getTierURI","line":77,"loc":{"start":{"line":77,"column":3},"end":{"line":79,"column":4}}},"10":{"name":"getSignerByTier","line":80,"loc":{"start":{"line":80,"column":4},"end":{"line":91,"column":4}}},"11":{"name":"mintEconomyBusinessClassNFT","line":93,"loc":{"start":{"line":93,"column":4},"end":{"line":108,"column":4}}},"12":{"name":"mintFirstClassNFT","line":110,"loc":{"start":{"line":110,"column":3},"end":{"line":124,"column":4}}},"13":{"name":"mintPrivateJetNFT","line":126,"loc":{"start":{"line":126,"column":4},"end":{"line":134,"column":4}}},"14":{"name":"airdropNFT","line":136,"loc":{"start":{"line":136,"column":4},"end":{"line":143,"column":4}}},"15":{"name":"getNextTokenId","line":145,"loc":{"start":{"line":145,"column":4},"end":{"line":148,"column":4}}},"16":{"name":"getFirstClassSupply","line":149,"loc":{"start":{"line":149,"column":4},"end":{"line":151,"column":4}}},"17":{"name":"setSaleStartTime","line":153,"loc":{"start":{"line":153,"column":4},"end":{"line":156,"column":4}}},"18":{"name":"getSaleStartTime","line":159,"loc":{"start":{"line":159,"column":4},"end":{"line":161,"column":4}}},"19":{"name":"getTotalSupply","line":163,"loc":{"start":{"line":163,"column":4},"end":{"line":165,"column":4}}},"20":{"name":"tokenURI","line":166,"loc":{"start":{"line":166,"column":4},"end":{"line":170,"column":4}}},"21":{"name":"_mint","line":172,"loc":{"start":{"line":172,"column":4},"end":{"line":183,"column":4}}},"22":{"name":"getCurrentTimestamp","line":185,"loc":{"start":{"line":185,"column":4},"end":{"line":187,"column":4}}},"23":{"name":"hasMinted","line":188,"loc":{"start":{"line":188,"column":4},"end":{"line":190,"column":4}}},"24":{"name":"withdraw","line":192,"loc":{"start":{"line":192,"column":4},"end":{"line":199,"column":4}}}},"statementMap":{"1":{"start":{"line":45,"column":4},"end":{"line":45,"column":117}},"2":{"start":{"line":78,"column":4},"end":{"line":78,"column":26}},"3":{"start":{"line":81,"column":8},"end":{"line":81,"column":3013}},"4":{"start":{"line":82,"column":12},"end":{"line":82,"column":32}},"5":{"start":{"line":84,"column":8},"end":{"line":84,"column":3097}},"6":{"start":{"line":85,"column":12},"end":{"line":85,"column":33}},"7":{"start":{"line":87,"column":8},"end":{"line":87,"column":3183}},"8":{"start":{"line":88,"column":12},"end":{"line":88,"column":30}},"9":{"start":{"line":90,"column":8},"end":{"line":90,"column":25}},"10":{"start":{"line":95,"column":8},"end":{"line":95,"column":91}},"11":{"start":{"line":96,"column":8},"end":{"line":96,"column":82}},"12":{"start":{"line":97,"column":8},"end":{"line":97,"column":70}},"13":{"start":{"line":99,"column":8},"end":{"line":99,"column":75}},"14":{"start":{"line":100,"column":8},"end":{"line":100,"column":114}},"15":{"start":{"line":102,"column":8},"end":{"line":102,"column":104}},"16":{"start":{"line":105,"column":8},"end":{"line":105,"column":42}},"17":{"start":{"line":107,"column":8},"end":{"line":107,"column":56}},"18":{"start":{"line":112,"column":8},"end":{"line":112,"column":86}},"19":{"start":{"line":113,"column":8},"end":{"line":113,"column":77}},"20":{"start":{"line":114,"column":8},"end":{"line":114,"column":89}},"21":{"start":{"line":115,"column":8},"end":{"line":115,"column":70}},"22":{"start":{"line":117,"column":8},"end":{"line":117,"column":75}},"23":{"start":{"line":118,"column":8},"end":{"line":118,"column":114}},"24":{"start":{"line":120,"column":8},"end":{"line":120,"column":104}},"25":{"start":{"line":122,"column":8},"end":{"line":122,"column":42}},"26":{"start":{"line":123,"column":8},"end":{"line":123,"column":56}},"27":{"start":{"line":127,"column":8},"end":{"line":127,"column":23}},"28":{"start":{"line":130,"column":8},"end":{"line":130,"column":5456}},"29":{"start":{"line":132,"column":12},"end":{"line":132,"column":87}},"30":{"start":{"line":137,"column":8},"end":{"line":137,"column":58}},"31":{"start":{"line":139,"column":8},"end":{"line":139,"column":5920}},"32":{"start":{"line":140,"column":12},"end":{"line":140,"column":46}},"33":{"start":{"line":141,"column":12},"end":{"line":141,"column":63}},"34":{"start":{"line":146,"column":8},"end":{"line":146,"column":41}},"35":{"start":{"line":147,"column":8},"end":{"line":147,"column":22}},"36":{"start":{"line":150,"column":8},"end":{"line":150,"column":38}},"37":{"start":{"line":160,"column":8},"end":{"line":160,"column":28}},"38":{"start":{"line":164,"column":8},"end":{"line":164,"column":30}},"39":{"start":{"line":167,"column":8},"end":{"line":167,"column":56}},"40":{"start":{"line":169,"column":7},"end":{"line":169,"column":33}},"41":{"start":{"line":173,"column":8},"end":{"line":173,"column":60}},"42":{"start":{"line":174,"column":8},"end":{"line":174,"column":67}},"43":{"start":{"line":179,"column":8},"end":{"line":179,"column":25}},"44":{"start":{"line":180,"column":8},"end":{"line":180,"column":7652}},"45":{"start":{"line":186,"column":8},"end":{"line":186,"column":30}},"46":{"start":{"line":189,"column":8},"end":{"line":189,"column":40}},"47":{"start":{"line":193,"column":8},"end":{"line":193,"column":47}},"48":{"start":{"line":194,"column":8},"end":{"line":194,"column":56}},"49":{"start":{"line":197,"column":8},"end":{"line":197,"column":56}},"50":{"start":{"line":198,"column":8},"end":{"line":198,"column":40}}},"branchMap":{"1":{"line":45,"type":"if","locations":[{"start":{"line":45,"column":4},"end":{"line":45,"column":4}},{"start":{"line":45,"column":4},"end":{"line":45,"column":4}}]},"2":{"line":56,"type":"if","locations":[{"start":{"line":56,"column":61},"end":{"line":56,"column":61}},{"start":{"line":56,"column":61},"end":{"line":56,"column":61}}]},"3":{"line":60,"type":"if","locations":[{"start":{"line":60,"column":65},"end":{"line":60,"column":65}},{"start":{"line":60,"column":65},"end":{"line":60,"column":65}}]},"4":{"line":64,"type":"if","locations":[{"start":{"line":64,"column":63},"end":{"line":64,"column":63}},{"start":{"line":64,"column":63},"end":{"line":64,"column":63}}]},"5":{"line":68,"type":"if","locations":[{"start":{"line":68,"column":65},"end":{"line":68,"column":65}},{"start":{"line":68,"column":65},"end":{"line":68,"column":65}}]},"6":{"line":71,"type":"if","locations":[{"start":{"line":71,"column":59},"end":{"line":71,"column":59}},{"start":{"line":71,"column":59},"end":{"line":71,"column":59}}]},"7":{"line":74,"type":"if","locations":[{"start":{"line":74,"column":65},"end":{"line":74,"column":65}},{"start":{"line":74,"column":65},"end":{"line":74,"column":65}}]},"8":{"line":81,"type":"if","locations":[{"start":{"line":81,"column":8},"end":{"line":81,"column":8}},{"start":{"line":81,"column":8},"end":{"line":81,"column":8}}]},"9":{"line":84,"type":"if","locations":[{"start":{"line":84,"column":8},"end":{"line":84,"column":8}},{"start":{"line":84,"column":8},"end":{"line":84,"column":8}}]},"10":{"line":87,"type":"if","locations":[{"start":{"line":87,"column":8},"end":{"line":87,"column":8}},{"start":{"line":87,"column":8},"end":{"line":87,"column":8}}]},"11":{"line":93,"type":"if","locations":[{"start":{"line":93,"column":92},"end":{"line":93,"column":92}},{"start":{"line":93,"column":92},"end":{"line":93,"column":92}}]},"12":{"line":93,"type":"if","locations":[{"start":{"line":93,"column":105},"end":{"line":93,"column":105}},{"start":{"line":93,"column":105},"end":{"line":93,"column":105}}]},"13":{"line":95,"type":"if","locations":[{"start":{"line":95,"column":8},"end":{"line":95,"column":8}},{"start":{"line":95,"column":8},"end":{"line":95,"column":8}}]},"14":{"line":95,"type":"cond-expr","locations":[{"start":{"line":95,"column":16},"end":{"line":95,"column":41}},{"start":{"line":95,"column":46},"end":{"line":95,"column":72}}]},"15":{"line":96,"type":"if","locations":[{"start":{"line":96,"column":8},"end":{"line":96,"column":8}},{"start":{"line":96,"column":8},"end":{"line":96,"column":8}}]},"16":{"line":97,"type":"if","locations":[{"start":{"line":97,"column":8},"end":{"line":97,"column":8}},{"start":{"line":97,"column":8},"end":{"line":97,"column":8}}]},"17":{"line":102,"type":"if","locations":[{"start":{"line":102,"column":8},"end":{"line":102,"column":8}},{"start":{"line":102,"column":8},"end":{"line":102,"column":8}}]},"18":{"line":110,"type":"if","locations":[{"start":{"line":110,"column":89},"end":{"line":110,"column":89}},{"start":{"line":110,"column":89},"end":{"line":110,"column":89}}]},"19":{"line":110,"type":"if","locations":[{"start":{"line":110,"column":102},"end":{"line":110,"column":102}},{"start":{"line":110,"column":102},"end":{"line":110,"column":102}}]},"20":{"line":112,"type":"if","locations":[{"start":{"line":112,"column":8},"end":{"line":112,"column":8}},{"start":{"line":112,"column":8},"end":{"line":112,"column":8}}]},"21":{"line":113,"type":"if","locations":[{"start":{"line":113,"column":8},"end":{"line":113,"column":8}},{"start":{"line":113,"column":8},"end":{"line":113,"column":8}}]},"22":{"line":114,"type":"if","locations":[{"start":{"line":114,"column":8},"end":{"line":114,"column":8}},{"start":{"line":114,"column":8},"end":{"line":114,"column":8}}]},"23":{"line":115,"type":"if","locations":[{"start":{"line":115,"column":8},"end":{"line":115,"column":8}},{"start":{"line":115,"column":8},"end":{"line":115,"column":8}}]},"24":{"line":120,"type":"if","locations":[{"start":{"line":120,"column":8},"end":{"line":120,"column":8}},{"start":{"line":120,"column":8},"end":{"line":120,"column":8}}]},"25":{"line":126,"type":"if","locations":[{"start":{"line":126,"column":71},"end":{"line":126,"column":71}},{"start":{"line":126,"column":71},"end":{"line":126,"column":71}}]},"26":{"line":126,"type":"if","locations":[{"start":{"line":126,"column":84},"end":{"line":126,"column":84}},{"start":{"line":126,"column":84},"end":{"line":126,"column":84}}]},"27":{"line":136,"type":"if","locations":[{"start":{"line":136,"column":75},"end":{"line":136,"column":75}},{"start":{"line":136,"column":75},"end":{"line":136,"column":75}}]},"28":{"line":136,"type":"if","locations":[{"start":{"line":136,"column":88},"end":{"line":136,"column":88}},{"start":{"line":136,"column":88},"end":{"line":136,"column":88}}]},"29":{"line":137,"type":"if","locations":[{"start":{"line":137,"column":8},"end":{"line":137,"column":8}},{"start":{"line":137,"column":8},"end":{"line":137,"column":8}}]},"30":{"line":153,"type":"if","locations":[{"start":{"line":153,"column":59},"end":{"line":153,"column":59}},{"start":{"line":153,"column":59},"end":{"line":153,"column":59}}]},"31":{"line":167,"type":"if","locations":[{"start":{"line":167,"column":8},"end":{"line":167,"column":8}},{"start":{"line":167,"column":8},"end":{"line":167,"column":8}}]},"32":{"line":173,"type":"if","locations":[{"start":{"line":173,"column":8},"end":{"line":173,"column":8}},{"start":{"line":173,"column":8},"end":{"line":173,"column":8}}]},"33":{"line":174,"type":"if","locations":[{"start":{"line":174,"column":8},"end":{"line":174,"column":8}},{"start":{"line":174,"column":8},"end":{"line":174,"column":8}}]},"34":{"line":180,"type":"if","locations":[{"start":{"line":180,"column":8},"end":{"line":180,"column":8}},{"start":{"line":180,"column":8},"end":{"line":180,"column":8}}]},"35":{"line":192,"type":"if","locations":[{"start":{"line":192,"column":33},"end":{"line":192,"column":33}},{"start":{"line":192,"column":33},"end":{"line":192,"column":33}}]},"36":{"line":194,"type":"if","locations":[{"start":{"line":194,"column":8},"end":{"line":194,"column":8}},{"start":{"line":194,"column":8},"end":{"line":194,"column":8}}]},"37":{"line":198,"type":"if","locations":[{"start":{"line":198,"column":8},"end":{"line":198,"column":8}},{"start":{"line":198,"column":8},"end":{"line":198,"column":8}}]}}}}
