TN:
SF:/Users/adrien/Coding/LingoNFTContract/contracts/nft.sol
FN:44,isActive
FN:49,constructor
FN:56,setFirstClassMintPrice
FN:60,setMaxFirstClassSupply
FN:64,setEconomySigner
FN:68,setBusinessSigner
FN:71,setFirstSigner
FN:74,setTierURI
FN:77,getTierURI
FN:80,getSignerByTier
FN:93,mintEconomyBusinessClassNFT
FN:110,mintFirstClassNFT
FN:126,mintPrivateJetNFT
FN:136,airdropNFT
FN:145,getNextTokenId
FN:149,getFirstClassSupply
FN:153,setSaleStartTime
FN:159,getSaleStartTime
FN:163,getTotalSupply
FN:166,tokenURI
FN:172,_mint
FN:185,getCurrentTimestamp
FN:188,hasMinted
FN:192,withdraw
FNF:24
FNH:6
FNDA:0,isActive
FNDA:6,constructor
FNDA:1,setFirstClassMintPrice
FNDA:0,setMaxFirstClassSupply
FNDA:1,setEconomySigner
FNDA:1,setBusinessSigner
FNDA:1,setFirstSigner
FNDA:0,setTierURI
FNDA:0,getTierURI
FNDA:0,getSignerByTier
FNDA:0,mintEconomyBusinessClassNFT
FNDA:0,mintFirstClassNFT
FNDA:0,mintPrivateJetNFT
FNDA:0,airdropNFT
FNDA:0,getNextTokenId
FNDA:0,getFirstClassSupply
FNDA:1,setSaleStartTime
FNDA:0,getSaleStartTime
FNDA:0,getTotalSupply
FNDA:0,tokenURI
FNDA:0,_mint
FNDA:0,getCurrentTimestamp
FNDA:0,hasMinted
FNDA:0,withdraw
DA:45,0
DA:46,0
DA:50,6
DA:51,6
DA:52,6
DA:53,6
DA:57,1
DA:61,0
DA:65,1
DA:69,1
DA:72,1
DA:75,0
DA:78,0
DA:81,0
DA:82,0
DA:84,0
DA:85,0
DA:87,0
DA:88,0
DA:90,0
DA:95,0
DA:96,0
DA:97,0
DA:99,0
DA:100,0
DA:102,0
DA:105,0
DA:107,0
DA:112,0
DA:113,0
DA:114,0
DA:115,0
DA:117,0
DA:118,0
DA:120,0
DA:122,0
DA:123,0
DA:127,0
DA:130,0
DA:131,0
DA:132,0
DA:137,0
DA:139,0
DA:140,0
DA:141,0
DA:146,0
DA:147,0
DA:150,0
DA:155,1
DA:160,0
DA:164,0
DA:167,0
DA:169,0
DA:173,0
DA:174,0
DA:176,0
DA:177,0
DA:178,0
DA:179,0
DA:180,0
DA:181,0
DA:186,0
DA:189,0
DA:193,0
DA:194,0
DA:197,0
DA:198,0
LF:67
LH:9
BRDA:45,1,0,0
BRDA:45,1,1,0
BRDA:56,2,0,1
BRDA:56,2,1,0
BRDA:60,3,0,0
BRDA:60,3,1,0
BRDA:64,4,0,1
BRDA:64,4,1,0
BRDA:68,5,0,1
BRDA:68,5,1,0
BRDA:71,6,0,1
BRDA:71,6,1,0
BRDA:74,7,0,0
BRDA:74,7,1,0
BRDA:81,8,0,0
BRDA:81,8,1,0
BRDA:84,9,0,0
BRDA:84,9,1,0
BRDA:87,10,0,0
BRDA:87,10,1,0
BRDA:93,11,0,0
BRDA:93,11,1,0
BRDA:93,12,0,0
BRDA:93,12,1,0
BRDA:95,13,0,0
BRDA:95,13,1,0
BRDA:95,14,0,0
BRDA:95,14,1,0
BRDA:96,15,0,0
BRDA:96,15,1,0
BRDA:97,16,0,0
BRDA:97,16,1,0
BRDA:102,17,0,0
BRDA:102,17,1,0
BRDA:110,18,0,0
BRDA:110,18,1,0
BRDA:110,19,0,0
BRDA:110,19,1,0
BRDA:112,20,0,0
BRDA:112,20,1,0
BRDA:113,21,0,0
BRDA:113,21,1,0
BRDA:114,22,0,0
BRDA:114,22,1,0
BRDA:115,23,0,0
BRDA:115,23,1,0
BRDA:120,24,0,0
BRDA:120,24,1,0
BRDA:126,25,0,0
BRDA:126,25,1,0
BRDA:126,26,0,0
BRDA:126,26,1,0
BRDA:136,27,0,0
BRDA:136,27,1,0
BRDA:136,28,0,0
BRDA:136,28,1,0
BRDA:137,29,0,0
BRDA:137,29,1,0
BRDA:153,30,0,1
BRDA:153,30,1,0
BRDA:167,31,0,0
BRDA:167,31,1,0
BRDA:173,32,0,0
BRDA:173,32,1,0
BRDA:174,33,0,0
BRDA:174,33,1,0
BRDA:180,34,0,0
BRDA:180,34,1,0
BRDA:192,35,0,0
BRDA:192,35,1,0
BRDA:194,36,0,0
BRDA:194,36,1,0
BRDA:198,37,0,0
BRDA:198,37,1,0
BRF:74
BRH:5
end_of_record
