TN:
SF:/Users/adrien/Coding/NFT-SocialFI/Lingo-SocialFi-NFT-Contract/contracts/LingoNFT.sol
FN:58,isActive
FN:67,constructor
FN:73,setFirstClassMintPrice
FN:80,setMaxFirstClassSupply
FN:87,setMintSigner
FN:95,setTierURI
FN:102,setSaleStartTime
FN:110,getTierURI
FN:125,mintEconomyBusinessClassNFT
FN:171,mintFirstClassNFT
FN:214,mintPrivateJetNFT
FN:232,airdropNFT
FN:242,getNextTokenId
FN:249,getFirstClassSupply
FN:255,getSaleStartTime
FN:261,getTotalSupply
FN:269,tokenURI
FN:283,_mint
FN:301,getCurrentTimestamp
FN:309,hasMinted
FN:318,withdraw
FNF:21
FNH:0
FNDA:0,isActive
FNDA:0,constructor
FNDA:0,setFirstClassMintPrice
FNDA:0,setMaxFirstClassSupply
FNDA:0,setMintSigner
FNDA:0,setTierURI
FNDA:0,setSaleStartTime
FNDA:0,getTierURI
FNDA:0,mintEconomyBusinessClassNFT
FNDA:0,mintFirstClassNFT
FNDA:0,mintPrivateJetNFT
FNDA:0,airdropNFT
FNDA:0,getNextTokenId
FNDA:0,getFirstClassSupply
FNDA:0,getSaleStartTime
FNDA:0,getTotalSupply
FNDA:0,tokenURI
FNDA:0,_mint
FNDA:0,getCurrentTimestamp
FNDA:0,hasMinted
FNDA:0,withdraw
DA:59,0
DA:63,0
DA:74,0
DA:75,0
DA:81,0
DA:82,0
DA:88,0
DA:89,0
DA:96,0
DA:97,0
DA:103,0
DA:111,0
DA:126,0
DA:130,0
DA:135,0
DA:137,0
DA:145,0
DA:150,0
DA:155,0
DA:157,0
DA:172,0
DA:176,0
DA:177,0
DA:181,0
DA:186,0
DA:188,0
DA:196,0
DA:201,0
DA:206,0
DA:207,0
DA:215,0
DA:216,0
DA:217,0
DA:218,0
DA:233,0
DA:234,0
DA:235,0
DA:236,0
DA:243,0
DA:244,0
DA:250,0
DA:256,0
DA:262,0
DA:272,0
DA:274,0
DA:275,0
DA:288,0
DA:289,0
DA:290,0
DA:291,0
DA:292,0
DA:293,0
DA:294,0
DA:295,0
DA:302,0
DA:313,0
DA:319,0
DA:320,0
DA:322,0
DA:323,0
LF:60
LH:0
BRDA:59,1,0,0
BRDA:59,1,1,0
BRDA:73,2,0,0
BRDA:73,2,1,0
BRDA:74,3,0,0
BRDA:74,3,1,0
BRDA:80,4,0,0
BRDA:80,4,1,0
BRDA:81,5,0,0
BRDA:81,5,1,0
BRDA:87,6,0,0
BRDA:87,6,1,0
BRDA:88,7,0,0
BRDA:88,7,1,0
BRDA:95,8,0,0
BRDA:95,8,1,0
BRDA:96,9,0,0
BRDA:96,9,1,0
BRDA:102,10,0,0
BRDA:102,10,1,0
BRDA:125,11,0,0
BRDA:125,11,1,0
BRDA:125,12,0,0
BRDA:125,12,1,0
BRDA:126,13,0,0
BRDA:126,13,1,0
BRDA:127,14,0,0
BRDA:127,14,1,0
BRDA:130,15,0,0
BRDA:130,15,1,0
BRDA:150,16,0,0
BRDA:150,16,1,0
BRDA:171,17,0,0
BRDA:171,17,1,0
BRDA:171,18,0,0
BRDA:171,18,1,0
BRDA:172,19,0,0
BRDA:172,19,1,0
BRDA:176,20,0,0
BRDA:176,20,1,0
BRDA:177,21,0,0
BRDA:177,21,1,0
BRDA:181,22,0,0
BRDA:181,22,1,0
BRDA:201,23,0,0
BRDA:201,23,1,0
BRDA:214,24,0,0
BRDA:214,24,1,0
BRDA:214,25,0,0
BRDA:214,25,1,0
BRDA:232,26,0,0
BRDA:232,26,1,0
BRDA:232,27,0,0
BRDA:232,27,1,0
BRDA:233,28,0,0
BRDA:233,28,1,0
BRDA:272,29,0,0
BRDA:272,29,1,0
BRDA:288,30,0,0
BRDA:288,30,1,0
BRDA:289,31,0,0
BRDA:289,31,1,0
BRDA:294,32,0,0
BRDA:294,32,1,0
BRDA:318,33,0,0
BRDA:318,33,1,0
BRDA:320,34,0,0
BRDA:320,34,1,0
BRDA:323,35,0,0
BRDA:323,35,1,0
BRF:70
BRH:0
end_of_record
